app/proguard/mapping.txt
# compiler: R8
# compiler_version: 3.0.76
# min_api: 21
# pg_map_id: ca76a65
# common_typos_disable
com.ski.box.newconstruct.AppLauncher -> z2.c:
    com.ski.box.newconstruct.AppLauncher LAUNCHER -> b
    boolean needBgBiz -> a
    boolean access$000(com.ski.box.newconstruct.AppLauncher) -> a
    com.ski.box.newconstruct.AppLauncher getInstance() -> b
    void init(android.app.Application) -> c
    void initAndroidUtilsModule(android.app.Application) -> d
    void initAppStatusChangeListener() -> e
    void initDebug() -> f
    void initLanguage() -> g
    void initSessionModule() -> h
    void setNeedBgBiz(boolean) -> i
com.ski.box.newconstruct.AppLauncher$1 -> z2.c$a:
com.ski.box.newconstruct.AppLauncher$2 -> z2.c$b:
com.ski.box.newconstruct.AppLauncher$3 -> z2.c$c:
    com.ski.box.newconstruct.AppLauncher this$0 -> a
    void onForeground(android.app.Activity) -> a
    void onBackground(android.app.Activity) -> b
com.ski.box.newconstruct.DataBinderMapperImpl -> com.ski.box.newconstruct.DataBinderMapperImpl:
    android.util.SparseIntArray INTERNAL_LAYOUT_ID_LOOKUP -> a
com.ski.box.newconstruct.DataBinderMapperImpl$InnerBrLookup -> com.ski.box.newconstruct.DataBinderMapperImpl$a:
    android.util.SparseArray sKeys -> a
com.ski.box.newconstruct.DataBinderMapperImpl$InnerLayoutIdLookup -> com.ski.box.newconstruct.DataBinderMapperImpl$b:
    java.util.HashMap sKeys -> a
com.ski.box.newconstruct.launcher.SplashActivity -> com.ski.box.newconstruct.launcher.SplashActivity:
    com.ski.box.newconstruct.launcher.mvp.launcher.LauncherPresenter presenter -> e
    void openLoginPage() -> a
com.ski.box.newconstruct.launcher.mvp.launcher.LauncherContract$Model -> a3.a:
com.ski.box.newconstruct.launcher.mvp.launcher.LauncherContract$Presenter -> a3.b:
com.ski.box.newconstruct.launcher.mvp.launcher.LauncherContract$View -> a3.c:
    void openLoginPage() -> a
com.ski.box.newconstruct.launcher.mvp.launcher.LauncherModel -> a3.d:
com.ski.box.newconstruct.launcher.mvp.launcher.LauncherPresenter -> a3.e:
    void detachView() -> a
    void init() -> c
...
com.facebook.common.internal.Ints -> k.f:
    int max(int[]) -> a
com.facebook.common.internal.Objects -> k.g:
    boolean equal(java.lang.Object,java.lang.Object) -> a
    int hashCode(java.lang.Object[]) -> b
    com.facebook.common.internal.Objects$ToStringHelper toStringHelper(java.lang.Object) -> c
com.facebook.common.internal.Objects$1 -> k.g$a:
com.facebook.common.internal.Objects$ToStringHelper -> k.g$b:
    com.facebook.common.internal.Objects$ToStringHelper$ValueHolder holderTail -> c
    com.facebook.common.internal.Objects$ToStringHelper$ValueHolder holderHead -> b
    java.lang.String className -> a
    boolean omitNullValues -> d
    com.facebook.common.internal.Objects$ToStringHelper add(java.lang.String,int) -> a
    com.facebook.common.internal.Objects$ToStringHelper add(java.lang.String,java.lang.Object) -> b
    com.facebook.common.internal.Objects$ToStringHelper add(java.lang.String,boolean) -> c
    com.facebook.common.internal.Objects$ToStringHelper$ValueHolder addHolder() -> d
    com.facebook.common.internal.Objects$ToStringHelper addHolder(java.lang.String,java.lang.Object) -> e
com.facebook.common.internal.Objects$ToStringHelper$ValueHolder -> k.g$b$a:
    com.facebook.common.internal.Objects$ToStringHelper$ValueHolder next -> c
    java.lang.Object value -> b
    java.lang.String name -> a
com.facebook.common.internal.Preconditions -> k.h:
    java.lang.String badElementIndex(int,int,java.lang.String) -> a
    void checkArgument(java.lang.Boolean) -> b
    void checkArgument(boolean,java.lang.Object) -> c
    void checkArgument(boolean,java.lang.String,java.lang.Object[]) -> d
    int checkElementIndex(int,int) -> e
    int checkElementIndex(int,int,java.lang.String) -> f
    java.lang.Object checkNotNull(java.lang.Object) -> g
    java.lang.Object checkNotNull(java.lang.Object,java.lang.Object) -> h
    void checkState(boolean) -> i
    void checkState(boolean,java.lang.Object) -> j
    java.lang.String format(java.lang.String,java.lang.Object[]) -> k
com.facebook.common.internal.Sets -> k.i:
    java.util.concurrent.CopyOnWriteArraySet newCopyOnWriteArraySet() -> a
    java.util.Set newIdentityHashSet() -> b
    java.util.Set newSetFromMap(java.util.Map) -> c
com.facebook.common.internal.Supplier -> k.j:
com.facebook.common.internal.Suppliers -> k.k:
    com.facebook.common.internal.Supplier BOOLEAN_FALSE -> a
    com.facebook.common.internal.Supplier of(java.lang.Object) -> a
com.facebook.common.internal.Suppliers$1 -> k.k$a:
    java.lang.Object val$instance -> a
com.facebook.common.internal.Suppliers$2 -> k.k$b:
    java.lang.Boolean get() -> a
com.facebook.common.internal.Suppliers$3 -> k.k$c:
    java.lang.Boolean get() -> a
com.facebook.common.internal.Throwables -> k.l:
    java.lang.RuntimeException propagate(java.lang.Throwable) -> a
    void propagateIfInstanceOf(java.lang.Throwable,java.lang.Class) -> b
    void propagateIfPossible(java.lang.Throwable) -> c