app/proguard/unused.txt
com.ski.box.newconstruct.AppLauncher$$InternalSyntheticLambda$0$7e7de0f43f40847056e2b806fde144733e9c524f90dbc43333a24bf0cffda3bb$0:
    public final void onKickOut(java.lang.String)
com.ski.box.newconstruct.AppLauncher$1:
    public boolean isLoggable(int,java.lang.String)
com.ski.box.newconstruct.AppLauncher:
    public static synthetic void $r8$lambda$gDDWF_0WH9WKLvwtQGIbBnsY4jk(com.ski.box.newconstruct.AppLauncher,java.lang.String)
    private void handleKickOut(java.lang.String)
com.ski.box.newconstruct.BR
com.ski.box.newconstruct.BuildConfig
com.ski.box.newconstruct.DataBinderMapperImpl$InnerBrLookup:
    private void <init>()
com.ski.box.newconstruct.DataBinderMapperImpl$InnerLayoutIdLookup:
    private void <init>()
com.ski.box.newconstruct.DataBindingTriggerClass
com.ski.box.newconstruct.R$anim
com.ski.box.newconstruct.R$animator
com.ski.box.newconstruct.R$attr
com.ski.box.newconstruct.R$bool
com.ski.box.newconstruct.R$color
com.ski.box.newconstruct.R$dimen
com.ski.box.newconstruct.R$drawable
com.ski.box.newconstruct.R$id
com.ski.box.newconstruct.R$integer
com.ski.box.newconstruct.R$interpolator
com.ski.box.newconstruct.R$layout
com.ski.box.newconstruct.R$menu
com.ski.box.newconstruct.R$mipmap
com.ski.box.newconstruct.R$plurals
com.ski.box.newconstruct.R$string
com.ski.box.newconstruct.R$style
com.ski.box.newconstruct.R$styleable
com.ski.box.newconstruct.R$xml
com.ski.box.newconstruct.R
com.ski.box.newconstruct.launcher.SplashActivity:
    public void openMainPage()
com.ski.box.newconstruct.launcher.mvp.launcher.LauncherContract$Presenter:
    public abstract void init()
com.ski.box.newconstruct.launcher.mvp.launcher.LauncherContract$View:
    public abstract void finish()
    public abstract com.ski.box.common.page.TioActivity getActivity()
    public abstract void openMainPage()
com.ski.box.newconstruct.launcher.mvp.launcher.LauncherContract
com.ski.box.newconstruct.launcher.mvp.launcher.LauncherPresenter:
    private long endTime
    private void exitApp(java.lang.String)
    private void getDeviceId(android.app.Activity)
    private static synthetic void lambda$reqPermission$0(com.blankj.utilcode.util.UtilsTransActivity,com.blankj.utilcode.util.PermissionUtils$OnRationaleListener$ShouldRequest)
    private synthetic void lambda$reqPermission$1(boolean,java.util.List,java.util.List,java.util.List)
    private void reqPermission()
com.ski.box.newconstruct.AppLauncher$$InternalSyntheticLambda$0$7e7de0f43f40847056e2b806fde144733e9c524f90dbc43333a24bf0cffda3bb$0:
    public final synthetic com.ski.box.newconstruct.AppLauncher f$0
com.ski.box.newconstruct.AppLauncher$1:
    public final synthetic com.ski.box.newconstruct.AppLauncher this$0
com.ski.box.newconstruct.AppLauncher$2:
    public final synthetic com.ski.box.newconstruct.AppLauncher this$0
com.ski.box.newconstruct.launcher.mvp.launcher.LauncherPresenter:
    public long startTime
...
com.facebook.common.executors.HandlerExecutorService
com.facebook.common.executors.HandlerExecutorServiceImpl:
    public void quit()
com.facebook.common.executors.StatefulRunnable:
    protected static final int STATE_CANCELLED
    protected static final int STATE_CREATED
    protected static final int STATE_FAILED
    protected static final int STATE_FINISHED
    protected static final int STATE_STARTED
com.facebook.common.file.FileTree:
    public void <init>()
com.facebook.common.file.FileUtils:
    public void <init>()
com.facebook.common.internal.AndroidPredicates$1
com.facebook.common.internal.AndroidPredicates$2
com.facebook.common.internal.AndroidPredicates
com.facebook.common.internal.ByteStreams$1
com.facebook.common.internal.ByteStreams$FastByteArrayOutputStream
com.facebook.common.internal.ByteStreams:
    private static final int BUF_SIZE
    private void <init>()
    public static void readFully(java.io.InputStream,byte[],int,int)
    public static byte[] toByteArray(java.io.InputStream)
    public static byte[] toByteArray(java.io.InputStream,int)
com.facebook.common.internal.Closeables:
    public static void closeQuietly(java.io.Reader)
com.facebook.common.internal.Files
com.facebook.common.internal.Ints:
    private void <init>()
com.facebook.common.internal.Objects$ToStringHelper:
    public com.facebook.common.internal.Objects$ToStringHelper add(java.lang.String,char)
    public com.facebook.common.internal.Objects$ToStringHelper add(java.lang.String,double)
    public com.facebook.common.internal.Objects$ToStringHelper add(java.lang.String,float)
    public com.facebook.common.internal.Objects$ToStringHelper add(java.lang.String,long)
    private com.facebook.common.internal.Objects$ToStringHelper addHolder(java.lang.Object)
    public com.facebook.common.internal.Objects$ToStringHelper addValue(char)
    public com.facebook.common.internal.Objects$ToStringHelper addValue(double)
    public com.facebook.common.internal.Objects$ToStringHelper addValue(float)
    public com.facebook.common.internal.Objects$ToStringHelper addValue(int)
    public com.facebook.common.internal.Objects$ToStringHelper addValue(long)
    public com.facebook.common.internal.Objects$ToStringHelper addValue(java.lang.Object)
    public com.facebook.common.internal.Objects$ToStringHelper addValue(boolean)
    public com.facebook.common.internal.Objects$ToStringHelper omitNullValues()
com.facebook.common.internal.Objects:
    private void <init>()
    public static java.lang.Object firstNonNull(java.lang.Object,java.lang.Object)
    public static com.facebook.common.internal.Objects$ToStringHelper toStringHelper(java.lang.Class)
    public static com.facebook.common.internal.Objects$ToStringHelper toStringHelper(java.lang.String)
com.facebook.common.internal.Preconditions:
    private void <init>()
    private static java.lang.String badPositionIndex(int,int,java.lang.String)
    private static java.lang.String badPositionIndexes(int,int,int)
    public static varargs java.lang.Object checkNotNull(java.lang.Object,java.lang.String,java.lang.Object[])
    public static int checkPositionIndex(int,int)
    public static int checkPositionIndex(int,int,java.lang.String)
    public static void checkPositionIndexes(int,int,int)
    public static varargs void checkState(boolean,java.lang.String,java.lang.Object[])
com.facebook.common.internal.Predicate
com.facebook.common.internal.Sets:
    private void <init>()
    public static java.util.HashSet newHashSet()
    public static java.util.HashSet newHashSet(java.lang.Iterable)
    public static java.util.HashSet newHashSet(java.util.Iterator)
    public static varargs java.util.HashSet newHashSet(java.lang.Object[])
    public static java.util.HashSet newHashSetWithCapacity(int)
    public static java.util.LinkedHashSet newLinkedHashSet()
com.facebook.common.internal.Suppliers:
    public void <init>()